<?xml version="1.0" encoding="UTF-8"?>
<!-- Generated by org.testng.reporters.JUnitReportReporter -->
<testsuite hostname="LAPTOP-I16G6BEK" failures="0" tests="1" name="SeleniumBasicsRahAror.SeleniumBasicsRahAror.LaunchBrowser" time="19.467" errors="0" timestamp="2023-07-08T20:50:47 IST" skipped="0">
  <testcase classname="SeleniumBasicsRahAror.SeleniumBasicsRahAror.LaunchBrowser" name="launchBrowsers" time="19.467"/>
  <system-out/>
</testsuite> <!-- SeleniumBasicsRahAror.SeleniumBasicsRahAror.LaunchBrowser -->
